{"clientVersion":"3.13.0","code":"P2025","level":"error","meta":{"cause":"Record to delete does not exist."},"service":"user-service"}
{"clientVersion":"3.13.0","code":"P2025","level":"error","meta":{"cause":"Record to delete does not exist."},"service":"user-service"}
{"clientVersion":"3.13.0","code":"P2025","level":"error","meta":{"cause":"Record to delete does not exist."},"service":"user-service"}
{"clientVersion":"3.13.0","code":"P2025","level":"error","meta":{"cause":"Record to delete does not exist."},"service":"user-service"}
{"clientVersion":"3.13.0","code":"P2025","level":"error","meta":{"cause":"Record to delete does not exist."},"service":"user-service"}
{"clientVersion":"3.13.0","code":"P2025","level":"error","meta":{"cause":"Record to delete does not exist."},"service":"user-service"}
{"clientVersion":"3.13.0","code":"P2025","level":"error","meta":{"cause":"Record to delete does not exist."},"service":"user-service"}
{"level":"info","message":"DatabaseController executed","service":"user-service"}
{"createdAt":"2022-05-08T12:36:33.963Z","firstName":"Mario","id":"user_28sltoRiKA6ZOiJnHhaIeQ5E2gI","isBlacklisted":false,"isGuide":false,"lastName":"Galla","level":"info","message":"Mapped User","service":"user-service","username":"mario-galla-a70663af"}
{"level":"info","message":"DatabaseController executed","service":"user-service"}
{"createdAt":"2022-05-08T12:36:33.963Z","firstName":"Mario","id":"user_28sltoRiKA6ZOiJnHhaIeQ5E2gI","isBlacklisted":false,"isGuide":false,"lastName":"Galla","level":"info","message":"Mapped User","service":"user-service","username":"mario-galla-a70663af"}
{"level":"info","message":"DatabaseController executed","service":"user-service"}
{"createdAt":"2022-05-08T12:36:33.963Z","firstName":"Mario","id":"user_28sltoRiKA6ZOiJnHhaIeQ5E2gI","isBlacklisted":false,"isGuide":false,"lastName":"Galla","level":"info","message":"Mapped User","service":"user-service","username":"mario-galla-a70663af"}
{"level":"info","message":"DatabaseController executed","service":"user-service"}
{"createdAt":"2022-05-08T12:42:26.780Z","firstName":"Carmen","id":"user_28smTKCcp6x92E65OkNuJeq7ywg","isBlacklisted":false,"isGuide":false,"lastName":"Totamun","level":"info","message":"Mapped User","service":"user-service","username":"carmen-totamun-2d2b65c3"}
{"level":"info","message":"DatabaseController executed","service":"user-service"}
{"createdAt":"2022-05-08T12:42:26.780Z","firstName":"Carmen","id":"user_28smTKCcp6x92E65OkNuJeq7ywg","isBlacklisted":false,"isGuide":false,"lastName":"Totamun","level":"info","message":"Mapped User","service":"user-service","username":"carmen-totamun-2d2b65c3"}
{"clientVersion":"3.13.0","code":"P2025","level":"error","meta":{"cause":"Record to update not found."},"service":"user-service"}
{"clientVersion":"3.13.0","code":"P2025","level":"error","meta":{"cause":"Record to update not found."},"service":"user-service"}
{"level":"info","message":"DatabaseController executed","service":"user-service"}
{"createdAt":"2022-05-08T12:42:26.780Z","firstName":"Carmen 2","id":"user_28smTKCcp6x92E65OkNuJeq7ywg","isBlacklisted":false,"isGuide":false,"lastName":"Totamun","level":"info","message":"Mapped User","service":"user-service","username":"carmen-totamun-2d2b65c3"}
{"level":"info","message":"DatabaseController executed","service":"user-service"}
{"createdAt":"2022-05-08T12:45:59.884Z","firstName":"Mario","id":"user_28smJa5MqTZw7CJ2c1yulZ4zeg2","isBlacklisted":false,"isGuide":false,"lastName":"Galla","level":"info","message":"Mapped User","service":"user-service","username":"mario-galla-c8fdb9b1"}
{"level":"info","message":"DatabaseController executed","service":"user-service"}
{"createdAt":"2022-05-08T12:45:59.884Z","firstName":"Mario","id":"user_28smJa5MqTZw7CJ2c1yulZ4zeg2","isBlacklisted":false,"isGuide":false,"lastName":"Galla","level":"info","message":"Mapped User","service":"user-service","username":"mario-galla-c8fdb9b1"}
{"level":"info","message":"DatabaseController executed","service":"user-service"}
{"createdAt":"2022-05-08T12:45:59.884Z","firstName":"Mario","id":"user_28smJa5MqTZw7CJ2c1yulZ4zeg2","isBlacklisted":false,"isGuide":false,"lastName":"Galla","level":"info","message":"Mapped User","service":"user-service","username":"mario-galla-c8fdb9b1"}
{"level":"info","message":"DatabaseController executed","service":"user-service"}
{"createdAt":"2022-05-09T19:55:44.304Z","firstName":"Carmen","id":"user_28wSIIVu3nsmgNTbGOWHC218lXa","isBlacklisted":false,"isGuide":false,"lastName":"Selbinger","level":"info","message":"Mapped User","service":"user-service","username":"carmen-selbinger-dfb9700f"}
{"level":"info","message":"DatabaseController executed","service":"user-service"}
{"createdAt":"2022-05-09T19:55:44.304Z","firstName":"Carmen","id":"user_28wSIIVu3nsmgNTbGOWHC218lXa","isBlacklisted":false,"isGuide":false,"lastName":"Selbinger","level":"info","message":"Mapped User","service":"user-service","username":"carmen-selbinger-dfb9700f"}
{"level":"info","message":"DatabaseController executed","service":"user-service"}
{"createdAt":"2022-05-09T19:55:44.304Z","firstName":"Carmen","id":"user_28wSIIVu3nsmgNTbGOWHC218lXa","isBlacklisted":false,"isGuide":false,"lastName":"Selbinger","level":"info","message":"Mapped User","service":"user-service","username":"carmen-selbinger-dfb9700f"}
{"level":"info","message":"DatabaseController executed","service":"user-service"}
{"createdAt":"2022-05-09T19:55:44.304Z","firstName":"Carmen","id":"user_28wSIIVu3nsmgNTbGOWHC218lXa","isBlacklisted":false,"isGuide":false,"lastName":"Selbinger","level":"info","message":"Mapped User","service":"user-service","username":"carmen-selbinger-dfb9700f"}
{"level":"info","message":"DatabaseController executed","service":"user-service"}
{"createdAt":"2022-05-08T12:42:26.780Z","firstName":"Carmen 2","id":"user_28smTKCcp6x92E65OkNuJeq7ywg","isBlacklisted":false,"isGuide":false,"lastName":"Totamun","level":"info","message":"Mapped User","service":"user-service","username":"carmen-totamun-2d2b65c3"}
{"level":"info","message":"DatabaseController executed","service":"user-service"}
{"createdAt":"2022-05-08T12:42:26.780Z","firstName":"Carmen 2","id":"user_28smTKCcp6x92E65OkNuJeq7ywg","isBlacklisted":false,"isGuide":false,"lastName":"Totamun","level":"info","message":"Mapped User","service":"user-service","username":"carmen-totamun-2d2b65c3"}
{"level":"info","message":"DatabaseController executed","service":"user-service"}
{"createdAt":"2022-05-08T12:42:26.780Z","firstName":"Carmen 2","id":"user_28smTKCcp6x92E65OkNuJeq7ywg","isBlacklisted":false,"isGuide":false,"lastName":"Totamun","level":"info","message":"Mapped User","service":"user-service","username":"carmen-totamun-2d2b65c3"}
{"level":"info","message":"DatabaseController executed","service":"user-service"}
{"createdAt":"2022-05-08T12:42:26.780Z","firstName":"Carmen 2","id":"user_28smTKCcp6x92E65OkNuJeq7ywg","isBlacklisted":false,"isGuide":false,"lastName":"Totamun","level":"info","message":"Mapped User","service":"user-service","username":"carmen-totamun-2d2b65c3"}
{"level":"info","message":"DatabaseController executed","service":"user-service"}
{"createdAt":"2022-05-08T12:42:26.780Z","firstName":"Carmen 2","id":"user_28smTKCcp6x92E65OkNuJeq7ywg","isBlacklisted":false,"isGuide":false,"lastName":"Totamun","level":"info","message":"Mapped User","service":"user-service","username":"carmen-tota1"}
{"level":"info","message":"DatabaseController executed","service":"user-service"}
{"createdAt":"2022-05-08T12:42:26.780Z","firstName":"Carmen 2","id":"user_28smTKCcp6x92E65OkNuJeq7ywg","isBlacklisted":false,"isGuide":false,"lastName":"Totamun","level":"info","message":"Mapped User","service":"user-service","username":"carmen-tota12"}
{"level":"info","message":"DatabaseController executed","service":"user-service"}
{"createdAt":"2022-05-08T12:42:26.780Z","firstName":"Carmen 2","id":"user_28smTKCcp6x92E65OkNuJeq7ywg","isBlacklisted":false,"isGuide":false,"lastName":"Totamun","level":"info","message":"Mapped User","service":"user-service","username":"carmen-tota12"}
{"level":"info","message":"DatabaseController executed","service":"user-service"}
{"level":"info","message":"DatabaseController executed","service":"user-service"}
{"level":"info","message":"DatabaseController executed","service":"user-service"}
{"level":"info","message":"DatabaseController executed","service":"user-service"}
{"level":"info","message":"DatabaseController executed","service":"user-service"}
{"level":"info","message":"DatabaseController executed","service":"user-service"}
{"level":"info","message":"DatabaseController executed","service":"user-service"}
{"level":"info","message":"DatabaseController executed","service":"user-service"}
{"level":"info","message":"DatabaseController executed","service":"user-service"}
